# JRE version: OpenJDK Runtime Environment Temurin-17.0.13+11 (17.0.13+11) (build 17.0.13+11)
# Java VM: OpenJDK 64-Bit Server VM Temurin-17.0.13+11 (17.0.13+11, mixed mode, tiered, compressed oops, compressed class ptrs, parallel gc, windows-amd64)
GC Precious Log:
 CPUs: 16 total, 16 available
 Memory: 15720M
 Large Page Support: Disabled
 NUMA Support: Disabled
 Compressed Oops: Enabled (32-bit)
 Alignments: Space 512K, Generation 512K, Heap 2M
 Heap Min Capacity: 100M
 Heap Initial Capacity: 100M
 Heap Max Capacity: 1G
 Pre-touch: Disabled
 Parallel Workers: 13
Heap:
 PSYoungGen      total 200192K, used 97065K [0x00000000eab00000, 0x00000000f7900000, 0x0000000100000000)
  eden space 192512K, 46% used [0x00000000eab00000,0x00000000f0250578,0x00000000f6700000)
  from space 7680K, 99% used [0x00000000f6f80000,0x00000000f76fa078,0x00000000f7700000)
  to   space 8704K, 0% used [0x00000000f6700000,0x00000000f6700000,0x00000000f6f80000)
 ParOldGen       total 296960K, used 236402K [0x00000000c0000000, 0x00000000d2200000, 0x00000000eab00000)
  object space 296960K, 79% used [0x00000000c0000000,0x00000000ce6dcb68,0x00000000d2200000)
 Metaspace       used 84727K, committed 86144K, reserved 1179648K
  class space    used 10056K, committed 10752K, reserved 1048576K
GC Heap History (20 events):
Event: 103.558 GC heap before
{Heap before GC invocations=399 (full 14):
 PSYoungGen      total 151040K, used 150843K [0x00000000eab00000, 0x00000000f4500000, 0x0000000100000000)
  eden space 147456K, 100% used [0x00000000eab00000,0x00000000f3b00000,0x00000000f3b00000)
  from space 3584K, 94% used [0x00000000f4180000,0x00000000f44cec08,0x00000000f4500000)
  to   space 4608K, 0% used [0x00000000f3c00000,0x00000000f3c00000,0x00000000f4080000)
 ParOldGen       total 416256K, used 401839K [0x00000000c0000000, 0x00000000d9680000, 0x00000000eab00000)
  object space 416256K, 96% used [0x00000000c0000000,0x00000000d886bd98,0x00000000d9680000)
 Metaspace       used 84592K, committed 86016K, reserved 1179648K
  class space    used 10054K, committed 10752K, reserved 1048576K
}
Event: 103.565 GC heap after
{Heap after GC invocations=399 (full 14):
 PSYoungGen      total 153088K, used 4599K [0x00000000eab00000, 0x00000000f5a00000, 0x0000000100000000)
  eden space 148480K, 0% used [0x00000000eab00000,0x00000000eab00000,0x00000000f3c00000)
  from space 4608K, 99% used [0x00000000f3c00000,0x00000000f407dd28,0x00000000f4080000)
  to   space 10240K, 0% used [0x00000000f5000000,0x00000000f5000000,0x00000000f5a00000)
 ParOldGen       total 416256K, used 406206K [0x00000000c0000000, 0x00000000d9680000, 0x00000000eab00000)
  object space 416256K, 97% used [0x00000000c0000000,0x00000000d8cafa58,0x00000000d9680000)
 Metaspace       used 84592K, committed 86016K, reserved 1179648K
  class space    used 10054K, committed 10752K, reserved 1048576K
}
Event: 103.624 GC heap before
{Heap before GC invocations=400 (full 14):
 PSYoungGen      total 153088K, used 153079K [0x00000000eab00000, 0x00000000f5a00000, 0x0000000100000000)
  eden space 148480K, 100% used [0x00000000eab00000,0x00000000f3c00000,0x00000000f3c00000)
  from space 4608K, 99% used [0x00000000f3c00000,0x00000000f407dd28,0x00000000f4080000)
  to   space 10240K, 0% used [0x00000000f5000000,0x00000000f5000000,0x00000000f5a00000)
 ParOldGen       total 416256K, used 406206K [0x00000000c0000000, 0x00000000d9680000, 0x00000000eab00000)
  object space 416256K, 97% used [0x00000000c0000000,0x00000000d8cafa58,0x00000000d9680000)
 Metaspace       used 84592K, committed 86016K, reserved 1179648K
  class space    used 10054K, committed 10752K, reserved 1048576K
}
Event: 103.630 GC heap after
{Heap after GC invocations=400 (full 14):
 PSYoungGen      total 164352K, used 4352K [0x00000000eab00000, 0x00000000f5480000, 0x0000000100000000)
  eden space 159744K, 0% used [0x00000000eab00000,0x00000000eab00000,0x00000000f4700000)
  from space 4608K, 94% used [0x00000000f5000000,0x00000000f5440000,0x00000000f5480000)
  to   space 6144K, 0% used [0x00000000f4880000,0x00000000f4880000,0x00000000f4e80000)
 ParOldGen       total 416256K, used 410756K [0x00000000c0000000, 0x00000000d9680000, 0x00000000eab00000)
  object space 416256K, 98% used [0x00000000c0000000,0x00000000d91213c0,0x00000000d9680000)
 Metaspace       used 84592K, committed 86016K, reserved 1179648K
  class space    used 10054K, committed 10752K, reserved 1048576K
}
Event: 103.715 GC heap before
{Heap before GC invocations=401 (full 14):
 PSYoungGen      total 164352K, used 164096K [0x00000000eab00000, 0x00000000f5480000, 0x0000000100000000)
  eden space 159744K, 100% used [0x00000000eab00000,0x00000000f4700000,0x00000000f4700000)
  from space 4608K, 94% used [0x00000000f5000000,0x00000000f5440000,0x00000000f5480000)
  to   space 6144K, 0% used [0x00000000f4880000,0x00000000f4880000,0x00000000f4e80000)
 ParOldGen       total 416256K, used 410756K [0x00000000c0000000, 0x00000000d9680000, 0x00000000eab00000)
  object space 416256K, 98% used [0x00000000c0000000,0x00000000d91213c0,0x00000000d9680000)
 Metaspace       used 84618K, committed 86080K, reserved 1179648K
  class space    used 10054K, committed 10752K, reserved 1048576K
}
Event: 103.724 GC heap after
{Heap after GC invocations=401 (full 14):
 PSYoungGen      total 167424K, used 6128K [0x00000000eab00000, 0x00000000f6c00000, 0x0000000100000000)
  eden space 161280K, 0% used [0x00000000eab00000,0x00000000eab00000,0x00000000f4880000)
  from space 6144K, 99% used [0x00000000f4880000,0x00000000f4e7c0c8,0x00000000f4e80000)
  to   space 12800K, 0% used [0x00000000f5f80000,0x00000000f5f80000,0x00000000f6c00000)
 ParOldGen       total 416256K, used 415894K [0x00000000c0000000, 0x00000000d9680000, 0x00000000eab00000)
  object space 416256K, 99% used [0x00000000c0000000,0x00000000d9625868,0x00000000d9680000)
 Metaspace       used 84618K, committed 86080K, reserved 1179648K
  class space    used 10054K, committed 10752K, reserved 1048576K
}
Event: 103.832 GC heap before
{Heap before GC invocations=402 (full 15):
 PSYoungGen      total 167424K, used 167408K [0x00000000eab00000, 0x00000000f6c00000, 0x0000000100000000)
  eden space 161280K, 100% used [0x00000000eab00000,0x00000000f4880000,0x00000000f4880000)
  from space 6144K, 99% used [0x00000000f4880000,0x00000000f4e7c0c8,0x00000000f4e80000)
  to   space 12800K, 0% used [0x00000000f5f80000,0x00000000f5f80000,0x00000000f6c00000)
 ParOldGen       total 416256K, used 415894K [0x00000000c0000000, 0x00000000d9680000, 0x00000000eab00000)
  object space 416256K, 99% used [0x00000000c0000000,0x00000000d9625868,0x00000000d9680000)
 Metaspace       used 84673K, committed 86144K, reserved 1179648K
  class space    used 10054K, committed 10752K, reserved 1048576K
}
Event: 104.003 GC heap after
{Heap after GC invocations=402 (full 15):
 PSYoungGen      total 184832K, used 0K [0x00000000eab00000, 0x00000000f6e80000, 0x0000000100000000)
  eden space 172032K, 0% used [0x00000000eab00000,0x00000000eab00000,0x00000000f5300000)
  from space 12800K, 0% used [0x00000000f5f80000,0x00000000f5f80000,0x00000000f6c00000)
  to   space 12800K, 0% used [0x00000000f5300000,0x00000000f5300000,0x00000000f5f80000)
 ParOldGen       total 296960K, used 226613K [0x00000000c0000000, 0x00000000d2200000, 0x00000000eab00000)
  object space 296960K, 76% used [0x00000000c0000000,0x00000000cdd4d7f0,0x00000000d2200000)
 Metaspace       used 84673K, committed 86144K, reserved 1179648K
  class space    used 10054K, committed 10752K, reserved 1048576K
}
Event: 104.118 GC heap before
{Heap before GC invocations=403 (full 15):
 PSYoungGen      total 184832K, used 172032K [0x00000000eab00000, 0x00000000f6e80000, 0x0000000100000000)
  eden space 172032K, 100% used [0x00000000eab00000,0x00000000f5300000,0x00000000f5300000)
  from space 12800K, 0% used [0x00000000f5f80000,0x00000000f5f80000,0x00000000f6c00000)
  to   space 12800K, 0% used [0x00000000f5300000,0x00000000f5300000,0x00000000f5f80000)
 ParOldGen       total 296960K, used 226613K [0x00000000c0000000, 0x00000000d2200000, 0x00000000eab00000)
  object space 296960K, 76% used [0x00000000c0000000,0x00000000cdd4d7f0,0x00000000d2200000)
 Metaspace       used 84680K, committed 86144K, reserved 1179648K
  class space    used 10054K, committed 10752K, reserved 1048576K
}
Event: 104.123 GC heap after
{Heap after GC invocations=403 (full 15):
 PSYoungGen      total 184832K, used 7116K [0x00000000eab00000, 0x00000000f7000000, 0x0000000100000000)
  eden space 172032K, 0% used [0x00000000eab00000,0x00000000eab00000,0x00000000f5300000)
  from space 12800K, 55% used [0x00000000f5300000,0x00000000f59f33d0,0x00000000f5f80000)
  to   space 8704K, 0% used [0x00000000f6780000,0x00000000f6780000,0x00000000f7000000)
 ParOldGen       total 296960K, used 226613K [0x00000000c0000000, 0x00000000d2200000, 0x00000000eab00000)
  object space 296960K, 76% used [0x00000000c0000000,0x00000000cdd4d7f0,0x00000000d2200000)
 Metaspace       used 84680K, committed 86144K, reserved 1179648K
  class space    used 10054K, committed 10752K, reserved 1048576K
}
Event: 104.218 GC heap before
{Heap before GC invocations=404 (full 15):
 PSYoungGen      total 184832K, used 179148K [0x00000000eab00000, 0x00000000f7000000, 0x0000000100000000)
  eden space 172032K, 100% used [0x00000000eab00000,0x00000000f5300000,0x00000000f5300000)
  from space 12800K, 55% used [0x00000000f5300000,0x00000000f59f33d0,0x00000000f5f80000)
  to   space 8704K, 0% used [0x00000000f6780000,0x00000000f6780000,0x00000000f7000000)
 ParOldGen       total 296960K, used 226613K [0x00000000c0000000, 0x00000000d2200000, 0x00000000eab00000)
  object space 296960K, 76% used [0x00000000c0000000,0x00000000cdd4d7f0,0x00000000d2200000)
 Metaspace       used 84680K, committed 86144K, reserved 1179648K
  class space    used 10054K, committed 10752K, reserved 1048576K
}
Event: 104.225 GC heap after
{Heap after GC invocations=404 (full 15):
 PSYoungGen      total 174080K, used 8063K [0x00000000eab00000, 0x00000000f6f80000, 0x0000000100000000)
  eden space 165888K, 0% used [0x00000000eab00000,0x00000000eab00000,0x00000000f4d00000)
  from space 8192K, 98% used [0x00000000f6780000,0x00000000f6f5fd08,0x00000000f6f80000)
  to   space 8704K, 0% used [0x00000000f5e80000,0x00000000f5e80000,0x00000000f6700000)
 ParOldGen       total 296960K, used 226613K [0x00000000c0000000, 0x00000000d2200000, 0x00000000eab00000)
  object space 296960K, 76% used [0x00000000c0000000,0x00000000cdd4d7f0,0x00000000d2200000)
 Metaspace       used 84680K, committed 86144K, reserved 1179648K
  class space    used 10054K, committed 10752K, reserved 1048576K
}
Event: 104.326 GC heap before
{Heap before GC invocations=405 (full 15):
 PSYoungGen      total 174080K, used 173951K [0x00000000eab00000, 0x00000000f6f80000, 0x0000000100000000)
  eden space 165888K, 100% used [0x00000000eab00000,0x00000000f4d00000,0x00000000f4d00000)
  from space 8192K, 98% used [0x00000000f6780000,0x00000000f6f5fd08,0x00000000f6f80000)
  to   space 8704K, 0% used [0x00000000f5e80000,0x00000000f5e80000,0x00000000f6700000)
 ParOldGen       total 296960K, used 226613K [0x00000000c0000000, 0x00000000d2200000, 0x00000000eab00000)
  object space 296960K, 76% used [0x00000000c0000000,0x00000000cdd4d7f0,0x00000000d2200000)
 Metaspace       used 84694K, committed 86144K, reserved 1179648K
  class space    used 10054K, committed 10752K, reserved 1048576K
}
Event: 104.336 GC heap after
{Heap after GC invocations=405 (full 15):
 PSYoungGen      total 186368K, used 8703K [0x00000000eab00000, 0x00000000f6c80000, 0x0000000100000000)
  eden space 177664K, 0% used [0x00000000eab00000,0x00000000eab00000,0x00000000f5880000)
  from space 8704K, 99% used [0x00000000f5e80000,0x00000000f66ffd08,0x00000000f6700000)
  to   space 5632K, 0% used [0x00000000f6700000,0x00000000f6700000,0x00000000f6c80000)
 ParOldGen       total 296960K, used 227535K [0x00000000c0000000, 0x00000000d2200000, 0x00000000eab00000)
  object space 296960K, 76% used [0x00000000c0000000,0x00000000cde33eb0,0x00000000d2200000)
 Metaspace       used 84694K, committed 86144K, reserved 1179648K
  class space    used 10054K, committed 10752K, reserved 1048576K
}
Event: 104.416 GC heap before
{Heap before GC invocations=406 (full 15):
 PSYoungGen      total 186368K, used 186367K [0x00000000eab00000, 0x00000000f6c80000, 0x0000000100000000)
  eden space 177664K, 100% used [0x00000000eab00000,0x00000000f5880000,0x00000000f5880000)
  from space 8704K, 99% used [0x00000000f5e80000,0x00000000f66ffd08,0x00000000f6700000)
  to   space 5632K, 0% used [0x00000000f6700000,0x00000000f6700000,0x00000000f6c80000)
 ParOldGen       total 296960K, used 227535K [0x00000000c0000000, 0x00000000d2200000, 0x00000000eab00000)
  object space 296960K, 76% used [0x00000000c0000000,0x00000000cde33eb0,0x00000000d2200000)
 Metaspace       used 84696K, committed 86144K, reserved 1179648K
  class space    used 10054K, committed 10752K, reserved 1048576K
}
Event: 104.424 GC heap after
{Heap after GC invocations=406 (full 15):
 PSYoungGen      total 186368K, used 5606K [0x00000000eab00000, 0x00000000f7c80000, 0x0000000100000000)
  eden space 180736K, 0% used [0x00000000eab00000,0x00000000eab00000,0x00000000f5b80000)
  from space 5632K, 99% used [0x00000000f6700000,0x00000000f6c79a00,0x00000000f6c80000)
  to   space 11776K, 0% used [0x00000000f5b80000,0x00000000f5b80000,0x00000000f6700000)
 ParOldGen       total 296960K, used 233287K [0x00000000c0000000, 0x00000000d2200000, 0x00000000eab00000)
  object space 296960K, 78% used [0x00000000c0000000,0x00000000ce3d1f58,0x00000000d2200000)
 Metaspace       used 84696K, committed 86144K, reserved 1179648K
  class space    used 10054K, committed 10752K, reserved 1048576K
}
Event: 104.563 GC heap before
{Heap before GC invocations=407 (full 15):
 PSYoungGen      total 186368K, used 186342K [0x00000000eab00000, 0x00000000f7c80000, 0x0000000100000000)
  eden space 180736K, 100% used [0x00000000eab00000,0x00000000f5b80000,0x00000000f5b80000)
  from space 5632K, 99% used [0x00000000f6700000,0x00000000f6c79a00,0x00000000f6c80000)
  to   space 11776K, 0% used [0x00000000f5b80000,0x00000000f5b80000,0x00000000f6700000)
 ParOldGen       total 296960K, used 233287K [0x00000000c0000000, 0x00000000d2200000, 0x00000000eab00000)
  object space 296960K, 78% used [0x00000000c0000000,0x00000000ce3d1f58,0x00000000d2200000)
 Metaspace       used 84697K, committed 86144K, reserved 1179648K
  class space    used 10054K, committed 10752K, reserved 1048576K
}
Event: 104.571 GC heap after
{Heap after GC invocations=407 (full 15):
 PSYoungGen      total 192512K, used 4994K [0x00000000eab00000, 0x00000000f7700000, 0x0000000100000000)
  eden space 180736K, 0% used [0x00000000eab00000,0x00000000eab00000,0x00000000f5b80000)
  from space 11776K, 42% used [0x00000000f5b80000,0x00000000f6060b18,0x00000000f6700000)
  to   space 7680K, 0% used [0x00000000f6f80000,0x00000000f6f80000,0x00000000f7700000)
 ParOldGen       total 296960K, used 236066K [0x00000000c0000000, 0x00000000d2200000, 0x00000000eab00000)
  object space 296960K, 79% used [0x00000000c0000000,0x00000000ce688b68,0x00000000d2200000)
 Metaspace       used 84697K, committed 86144K, reserved 1179648K
  class space    used 10054K, committed 10752K, reserved 1048576K
}
Event: 104.782 GC heap before
{Heap before GC invocations=408 (full 15):
 PSYoungGen      total 192512K, used 185730K [0x00000000eab00000, 0x00000000f7700000, 0x0000000100000000)
  eden space 180736K, 100% used [0x00000000eab00000,0x00000000f5b80000,0x00000000f5b80000)
  from space 11776K, 42% used [0x00000000f5b80000,0x00000000f6060b18,0x00000000f6700000)
  to   space 7680K, 0% used [0x00000000f6f80000,0x00000000f6f80000,0x00000000f7700000)
 ParOldGen       total 296960K, used 236066K [0x00000000c0000000, 0x00000000d2200000, 0x00000000eab00000)
  object space 296960K, 79% used [0x00000000c0000000,0x00000000ce688b68,0x00000000d2200000)
 Metaspace       used 84721K, committed 86144K, reserved 1179648K
  class space    used 10056K, committed 10752K, reserved 1048576K
}
Event: 104.797 GC heap after
{Heap after GC invocations=408 (full 15):
 PSYoungGen      total 200192K, used 7656K [0x00000000eab00000, 0x00000000f7900000, 0x0000000100000000)
  eden space 192512K, 0% used [0x00000000eab00000,0x00000000eab00000,0x00000000f6700000)
  from space 7680K, 99% used [0x00000000f6f80000,0x00000000f76fa078,0x00000000f7700000)
  to   space 8704K, 0% used [0x00000000f6700000,0x00000000f6700000,0x00000000f6f80000)
 ParOldGen       total 296960K, used 236402K [0x00000000c0000000, 0x00000000d2200000, 0x00000000eab00000)
  object space 296960K, 79% used [0x00000000c0000000,0x00000000ce6dcb68,0x00000000d2200000)
 Metaspace       used 84721K, committed 86144K, reserved 1179648K
  class space    used 10056K, committed 10752K, reserved 1048576K
}

