# JRE version: Java(TM) SE Runtime Environment (20.0.1+9) (build 20.0.1+9-29)
# Java VM: Java HotSpot(TM) 64-Bit Server VM (20.0.1+9-29, mixed mode, sharing, tiered, compressed oops, compressed class ptrs, g1 gc, windows-amd64)
GC Precious Log:
 CardTable entry size: 512
 Card Set container configuration: InlinePtr #cards 5 size 8 Array Of Cards #cards 12 size 40 Howl #buckets 4 coarsen threshold 1843 Howl Bitmap #cards 512 size 80 coarsen threshold 460 Card regions per heap region 1 cards per card region 2048
 CPUs: 8 total, 8 available
 Memory: 7914M
 Large Page Support: Disabled
 NUMA Support: Disabled
 Compressed Oops: Enabled (32-bit)
 Heap Region Size: 1M
 Heap Min Capacity: 8M
 Heap Initial Capacity: 124M
 Heap Max Capacity: 2G
 Pre-touch: Disabled
 Parallel Workers: 8
 Concurrent Workers: 2
 Concurrent Refinement Workers: 8
 Periodic GC: Disabled
Heap:
 garbage-first heap   total 107520K, used 81133K [0x0000000080000000, 0x0000000100000000)
  region size 1024K, 34 young (34816K), 3 survivors (3072K)
 Metaspace       used 63975K, committed 65728K, reserved 487424K
  class space    used 8687K, committed 9536K, reserved 421888K
GC Heap History (20 events):
Event: 5.437 GC heap before
{Heap before GC invocations=9 (full 0):
 garbage-first heap   total 89088K, used 80341K [0x0000000080000000, 0x0000000100000000)
  region size 1024K, 43 young (44032K), 2 survivors (2048K)
 Metaspace       used 38108K, committed 39424K, reserved 487424K
  class space    used 5380K, committed 6016K, reserved 421888K
}
Event: 5.442 GC heap after
{Heap after GC invocations=10 (full 0):
 garbage-first heap   total 89088K, used 35485K [0x0000000080000000, 0x0000000100000000)
  region size 1024K, 4 young (4096K), 4 survivors (4096K)
 Metaspace       used 38108K, committed 39424K, reserved 487424K
  class space    used 5380K, committed 6016K, reserved 421888K
}
Event: 6.043 GC heap before
{Heap before GC invocations=10 (full 0):
 garbage-first heap   total 89088K, used 76445K [0x0000000080000000, 0x0000000100000000)
  region size 1024K, 44 young (45056K), 4 survivors (4096K)
 Metaspace       used 42506K, committed 44096K, reserved 487424K
  class space    used 6055K, committed 6848K, reserved 421888K
}
Event: 6.049 GC heap after
{Heap after GC invocations=11 (full 0):
 garbage-first heap   total 89088K, used 37462K [0x0000000080000000, 0x0000000100000000)
  region size 1024K, 6 young (6144K), 6 survivors (6144K)
 Metaspace       used 42506K, committed 44096K, reserved 487424K
  class space    used 6055K, committed 6848K, reserved 421888K
}
Event: 6.559 GC heap before
{Heap before GC invocations=11 (full 0):
 garbage-first heap   total 89088K, used 77398K [0x0000000080000000, 0x0000000100000000)
  region size 1024K, 44 young (45056K), 6 survivors (6144K)
 Metaspace       used 47231K, committed 48832K, reserved 487424K
  class space    used 6674K, committed 7488K, reserved 421888K
}
Event: 6.565 GC heap after
{Heap after GC invocations=12 (full 0):
 garbage-first heap   total 107520K, used 39800K [0x0000000080000000, 0x0000000100000000)
  region size 1024K, 6 young (6144K), 6 survivors (6144K)
 Metaspace       used 47231K, committed 48832K, reserved 487424K
  class space    used 6674K, committed 7488K, reserved 421888K
}
Event: 7.663 GC heap before
{Heap before GC invocations=12 (full 0):
 garbage-first heap   total 107520K, used 93048K [0x0000000080000000, 0x0000000100000000)
  region size 1024K, 58 young (59392K), 6 survivors (6144K)
 Metaspace       used 58386K, committed 60032K, reserved 487424K
  class space    used 8099K, committed 8896K, reserved 421888K
}
Event: 7.674 GC heap after
{Heap after GC invocations=13 (full 0):
 garbage-first heap   total 107520K, used 45960K [0x0000000080000000, 0x0000000100000000)
  region size 1024K, 8 young (8192K), 8 survivors (8192K)
 Metaspace       used 58386K, committed 60032K, reserved 487424K
  class space    used 8099K, committed 8896K, reserved 421888K
}
Event: 7.758 GC heap before
{Heap before GC invocations=13 (full 0):
 garbage-first heap   total 107520K, used 55176K [0x0000000080000000, 0x0000000100000000)
  region size 1024K, 18 young (18432K), 8 survivors (8192K)
 Metaspace       used 58729K, committed 60288K, reserved 487424K
  class space    used 8139K, committed 8896K, reserved 421888K
}
Event: 7.766 GC heap after
{Heap after GC invocations=14 (full 0):
 garbage-first heap   total 107520K, used 49222K [0x0000000080000000, 0x0000000100000000)
  region size 1024K, 3 young (3072K), 3 survivors (3072K)
 Metaspace       used 58729K, committed 60288K, reserved 487424K
  class space    used 8139K, committed 8896K, reserved 421888K
}
Event: 462.069 GC heap before
{Heap before GC invocations=15 (full 0):
 garbage-first heap   total 107520K, used 89158K [0x0000000080000000, 0x0000000100000000)
  region size 1024K, 42 young (43008K), 3 survivors (3072K)
 Metaspace       used 60768K, committed 62464K, reserved 487424K
  class space    used 8355K, committed 9216K, reserved 421888K
}
Event: 462.094 GC heap after
{Heap after GC invocations=16 (full 0):
 garbage-first heap   total 107520K, used 51867K [0x0000000080000000, 0x0000000100000000)
  region size 1024K, 6 young (6144K), 6 survivors (6144K)
 Metaspace       used 60768K, committed 62464K, reserved 487424K
  class space    used 8355K, committed 9216K, reserved 421888K
}
Event: 944.647 GC heap before
{Heap before GC invocations=16 (full 0):
 garbage-first heap   total 107520K, used 89755K [0x0000000080000000, 0x0000000100000000)
  region size 1024K, 44 young (45056K), 6 survivors (6144K)
 Metaspace       used 61213K, committed 62912K, reserved 487424K
  class space    used 8360K, committed 9216K, reserved 421888K
}
Event: 944.677 GC heap after
{Heap after GC invocations=17 (full 0):
 garbage-first heap   total 107520K, used 50856K [0x0000000080000000, 0x0000000100000000)
  region size 1024K, 3 young (3072K), 3 survivors (3072K)
 Metaspace       used 61213K, committed 62912K, reserved 487424K
  class space    used 8360K, committed 9216K, reserved 421888K
}
Event: 1029.412 GC heap before
{Heap before GC invocations=17 (full 0):
 garbage-first heap   total 107520K, used 91816K [0x0000000080000000, 0x0000000100000000)
  region size 1024K, 44 young (45056K), 3 survivors (3072K)
 Metaspace       used 61552K, committed 63232K, reserved 487424K
  class space    used 8361K, committed 9216K, reserved 421888K
}
Event: 1029.421 GC heap after
{Heap after GC invocations=18 (full 0):
 garbage-first heap   total 107520K, used 52202K [0x0000000080000000, 0x0000000100000000)
  region size 1024K, 5 young (5120K), 5 survivors (5120K)
 Metaspace       used 61552K, committed 63232K, reserved 487424K
  class space    used 8361K, committed 9216K, reserved 421888K
}
Event: 1365.515 GC heap before
{Heap before GC invocations=18 (full 0):
 garbage-first heap   total 107520K, used 92138K [0x0000000080000000, 0x0000000100000000)
  region size 1024K, 45 young (46080K), 5 survivors (5120K)
 Metaspace       used 61798K, committed 63552K, reserved 487424K
  class space    used 8361K, committed 9216K, reserved 421888K
}
Event: 1365.557 GC heap after
{Heap after GC invocations=19 (full 0):
 garbage-first heap   total 107520K, used 52379K [0x0000000080000000, 0x0000000100000000)
  region size 1024K, 4 young (4096K), 4 survivors (4096K)
 Metaspace       used 61798K, committed 63552K, reserved 487424K
  class space    used 8361K, committed 9216K, reserved 421888K
}
Event: 2646.262 GC heap before
{Heap before GC invocations=20 (full 0):
 garbage-first heap   total 107520K, used 93339K [0x0000000080000000, 0x0000000100000000)
  region size 1024K, 45 young (46080K), 4 survivors (4096K)
 Metaspace       used 62119K, committed 63808K, reserved 487424K
  class space    used 8361K, committed 9216K, reserved 421888K
}
Event: 2646.292 GC heap after
{Heap after GC invocations=21 (full 0):
 garbage-first heap   total 107520K, used 51437K [0x0000000080000000, 0x0000000100000000)
  region size 1024K, 3 young (3072K), 3 survivors (3072K)
 Metaspace       used 62119K, committed 63808K, reserved 487424K
  class space    used 8361K, committed 9216K, reserved 421888K
}

